2025-05-21 00:00:01,826 [INFO] org.springframework.data.repository.config.RepositoryConfigurationDelegate {main} Bootstrapping Spring Data JPA repositories in DEFAULT mode.
2025-05-21 00:00:02,082 [INFO] org.springframework.data.repository.config.RepositoryConfigurationDelegate {main} Finished Spring Data repository scanning in 159 ms. Found 1 JPA repository interface.
2025-05-21 00:00:06,325 [INFO] org.springframework.boot.web.embedded.tomcat.TomcatWebServer {main} Tomcat initialized with port 8080 (http)
2025-05-21 00:00:06,392 [INFO] org.apache.catalina.core.StandardService {main} Starting service [Tomcat]
2025-05-21 00:00:06,394 [INFO] org.apache.catalina.core.StandardEngine {main} Starting Servlet engine: [Apache Tomcat/10.1.40]
2025-05-21 00:00:06,756 [INFO] org.apache.catalina.core.ContainerBase.[Tomcat].[localhost].[/] {main} Initializing Spring embedded WebApplicationContext
2025-05-21 00:00:06,757 [INFO] org.springframework.boot.web.servlet.context.ServletWebServerApplicationContext {main} Root WebApplicationContext: initialization completed in 10566 ms
2025-05-21 00:00:08,074 [INFO] org.hibernate.jpa.internal.util.LogHelper {main} HHH000204: Processing PersistenceUnitInfo [name: default]
2025-05-21 00:00:08,333 [INFO] org.hibernate.Version {main} HHH000412: Hibernate ORM core version 6.6.13.Final
2025-05-21 00:00:08,487 [INFO] org.hibernate.cache.internal.RegionFactoryInitiator {main} HHH000026: Second-level cache disabled
2025-05-21 00:00:09,834 [INFO] org.springframework.orm.jpa.persistenceunit.SpringPersistenceUnitInfo {main} No LoadTimeWeaver setup: ignoring JPA class transformer
2025-05-21 00:00:10,015 [INFO] com.zaxxer.hikari.HikariDataSource {main} HikariPool-1 - Starting...
2025-05-21 00:00:11,067 [INFO] com.zaxxer.hikari.pool.HikariPool {main} HikariPool-1 - Added connection conn0: url=jdbc:h2:file:./db/blogdb user=ADMIN
2025-05-21 00:00:11,073 [INFO] com.zaxxer.hikari.HikariDataSource {main} HikariPool-1 - Start completed.
2025-05-21 00:00:11,155 [WARN] org.hibernate.orm.deprecation {main} HHH90000025: H2Dialect does not need to be specified explicitly using 'hibernate.dialect' (remove the property setting and it will be selected by default)
2025-05-21 00:00:11,239 [INFO] org.hibernate.orm.connections.pooling {main} HHH10001005: Database info:
	Database JDBC URL [Connecting through datasource 'HikariDataSource (HikariPool-1)']
	Database driver: undefined/unknown
	Database version: 2.3.232
	Autocommit mode: undefined/unknown
	Isolation level: undefined/unknown
	Minimum pool size: undefined/unknown
	Maximum pool size: undefined/unknown
2025-05-21 00:00:13,677 [INFO] org.hibernate.engine.transaction.jta.platform.internal.JtaPlatformInitiator {main} HHH000489: No JTA platform available (set 'hibernate.transaction.jta.platform' to enable JTA platform integration)
2025-05-21 00:00:13,775 [INFO] org.springframework.orm.jpa.LocalContainerEntityManagerFactoryBean {main} Initialized JPA EntityManagerFactory for persistence unit 'default'
2025-05-21 00:00:17,673 [WARN] org.springframework.boot.autoconfigure.orm.jpa.JpaBaseConfiguration$JpaWebConfiguration {main} spring.jpa.open-in-view is enabled by default. Therefore, database queries may be performed during view rendering. Explicitly configure spring.jpa.open-in-view to disable this warning
2025-05-21 00:00:17,782 [INFO] org.springframework.security.config.annotation.authentication.configuration.InitializeUserDetailsBeanManagerConfigurer$InitializeUserDetailsManagerConfigurer {main} Global AuthenticationManager configured with UserDetailsService bean with name accountService
2025-05-21 00:00:19,784 [INFO] org.springframework.boot.actuate.endpoint.web.EndpointLinksResolver {main} Exposing 1 endpoint beneath base path '/actuator'
2025-05-21 00:00:22,654 [INFO] org.springframework.boot.autoconfigure.h2.H2ConsoleAutoConfiguration {main} H2 console available at '/db-console'. Database available at 'jdbc:h2:file:./db/blogdb'
2025-05-21 00:00:23,039 [INFO] org.apache.catalina.core.ContainerBase.[Tomcat].[localhost].[/] {RMI TCP Connection(3)-127.0.0.1} Initializing Spring DispatcherServlet 'dispatcherServlet'
2025-05-21 00:00:23,085 [INFO] org.springframework.web.servlet.DispatcherServlet {RMI TCP Connection(3)-127.0.0.1} Initializing Servlet 'dispatcherServlet'
2025-05-21 00:00:23,098 [INFO] org.springframework.web.servlet.DispatcherServlet {RMI TCP Connection(3)-127.0.0.1} Completed initialization in 6 ms
2025-05-21 00:00:23,595 [INFO] org.springframework.boot.web.embedded.tomcat.TomcatWebServer {main} Tomcat started on port 8080 (http) with context path '/'
2025-05-21 00:00:23,986 [INFO] com.spring.springRestDemo.SpringRestDemoApplication {main} Started SpringRestDemoApplication in 29.801 seconds (process running for 31.449)
2025-05-21 00:00:57,012 [INFO] org.springdoc.api.AbstractOpenApiResource {http-nio-8080-exec-9} Init duration for springdoc-openapi is: 600 ms
2025-05-21 00:04:56,568 [INFO] com.spring.springRestDemo.SpringRestDemoApplication {main} Starting SpringRestDemoApplication using Java 21.0.4 with PID 10380 (C:\Users\USER\Downloads\springRestDemo\target\classes started by USER in C:\Users\USER\Downloads\springRestDemo)
2025-05-21 00:04:56,623 [DEBUG] com.spring.springRestDemo.SpringRestDemoApplication {main} Running with Spring Boot v3.4.5, Spring v6.2.6
2025-05-21 00:04:56,677 [INFO] com.spring.springRestDemo.SpringRestDemoApplication {main} No active profile set, falling back to 1 default profile: "default"
2025-05-21 00:05:03,016 [INFO] org.springframework.data.repository.config.RepositoryConfigurationDelegate {main} Bootstrapping Spring Data JPA repositories in DEFAULT mode.
2025-05-21 00:05:03,234 [INFO] org.springframework.data.repository.config.RepositoryConfigurationDelegate {main} Finished Spring Data repository scanning in 178 ms. Found 1 JPA repository interface.
2025-05-21 00:05:08,349 [INFO] org.springframework.boot.web.embedded.tomcat.TomcatWebServer {main} Tomcat initialized with port 8080 (http)
2025-05-21 00:05:08,470 [INFO] org.apache.catalina.core.StandardService {main} Starting service [Tomcat]
2025-05-21 00:05:08,477 [INFO] org.apache.catalina.core.StandardEngine {main} Starting Servlet engine: [Apache Tomcat/10.1.40]
2025-05-21 00:05:08,825 [INFO] org.apache.catalina.core.ContainerBase.[Tomcat].[localhost].[/] {main} Initializing Spring embedded WebApplicationContext
2025-05-21 00:05:08,827 [INFO] org.springframework.boot.web.servlet.context.ServletWebServerApplicationContext {main} Root WebApplicationContext: initialization completed in 11497 ms
2025-05-21 00:05:10,749 [INFO] org.hibernate.jpa.internal.util.LogHelper {main} HHH000204: Processing PersistenceUnitInfo [name: default]
2025-05-21 00:05:11,304 [INFO] org.hibernate.Version {main} HHH000412: Hibernate ORM core version 6.6.13.Final
2025-05-21 00:05:11,543 [INFO] org.hibernate.cache.internal.RegionFactoryInitiator {main} HHH000026: Second-level cache disabled
2025-05-21 00:05:13,244 [INFO] org.springframework.orm.jpa.persistenceunit.SpringPersistenceUnitInfo {main} No LoadTimeWeaver setup: ignoring JPA class transformer
2025-05-21 00:05:13,423 [INFO] com.zaxxer.hikari.HikariDataSource {main} HikariPool-1 - Starting...
2025-05-21 00:05:14,437 [INFO] com.zaxxer.hikari.pool.HikariPool {main} HikariPool-1 - Added connection conn0: url=jdbc:h2:file:./db/blogdb user=ADMIN
2025-05-21 00:05:14,444 [INFO] com.zaxxer.hikari.HikariDataSource {main} HikariPool-1 - Start completed.
2025-05-21 00:05:14,596 [WARN] org.hibernate.orm.deprecation {main} HHH90000025: H2Dialect does not need to be specified explicitly using 'hibernate.dialect' (remove the property setting and it will be selected by default)
2025-05-21 00:05:14,722 [INFO] org.hibernate.orm.connections.pooling {main} HHH10001005: Database info:
	Database JDBC URL [Connecting through datasource 'HikariDataSource (HikariPool-1)']
	Database driver: undefined/unknown
	Database version: 2.3.232
	Autocommit mode: undefined/unknown
	Isolation level: undefined/unknown
	Minimum pool size: undefined/unknown
	Maximum pool size: undefined/unknown
2025-05-21 00:05:18,674 [INFO] org.hibernate.engine.transaction.jta.platform.internal.JtaPlatformInitiator {main} HHH000489: No JTA platform available (set 'hibernate.transaction.jta.platform' to enable JTA platform integration)
2025-05-21 00:05:18,792 [INFO] org.springframework.orm.jpa.LocalContainerEntityManagerFactoryBean {main} Initialized JPA EntityManagerFactory for persistence unit 'default'
2025-05-21 00:05:23,306 [WARN] org.springframework.boot.autoconfigure.orm.jpa.JpaBaseConfiguration$JpaWebConfiguration {main} spring.jpa.open-in-view is enabled by default. Therefore, database queries may be performed during view rendering. Explicitly configure spring.jpa.open-in-view to disable this warning
2025-05-21 00:05:23,606 [INFO] org.springframework.security.config.annotation.authentication.configuration.InitializeUserDetailsBeanManagerConfigurer$InitializeUserDetailsManagerConfigurer {main} Global AuthenticationManager configured with UserDetailsService bean with name accountService
2025-05-21 00:05:25,640 [INFO] org.springframework.boot.actuate.endpoint.web.EndpointLinksResolver {main} Exposing 1 endpoint beneath base path '/actuator'
2025-05-21 00:05:29,435 [INFO] org.springframework.boot.autoconfigure.h2.H2ConsoleAutoConfiguration {main} H2 console available at '/db-console'. Database available at 'jdbc:h2:file:./db/blogdb'
2025-05-21 00:05:30,170 [INFO] org.springframework.boot.web.embedded.tomcat.TomcatWebServer {main} Tomcat started on port 8080 (http) with context path '/'
2025-05-21 00:05:30,301 [INFO] com.spring.springRestDemo.SpringRestDemoApplication {main} Started SpringRestDemoApplication in 35.364 seconds (process running for 37.236)
2025-05-21 00:05:30,653 [INFO] org.apache.catalina.core.ContainerBase.[Tomcat].[localhost].[/] {RMI TCP Connection(3)-127.0.0.1} Initializing Spring DispatcherServlet 'dispatcherServlet'
2025-05-21 00:05:30,655 [INFO] org.springframework.web.servlet.DispatcherServlet {RMI TCP Connection(3)-127.0.0.1} Initializing Servlet 'dispatcherServlet'
2025-05-21 00:05:30,658 [INFO] org.springframework.web.servlet.DispatcherServlet {RMI TCP Connection(3)-127.0.0.1} Completed initialization in 2 ms
2025-05-21 00:05:48,666 [INFO] org.springdoc.api.AbstractOpenApiResource {http-nio-8080-exec-9} Init duration for springdoc-openapi is: 507 ms
2025-05-21 00:11:56,146 [INFO] com.spring.springRestDemo.SpringRestDemoApplication {main} Starting SpringRestDemoApplication using Java 21.0.4 with PID 2628 (C:\Users\USER\Downloads\springRestDemo\target\classes started by USER in C:\Users\USER\Downloads\springRestDemo)
2025-05-21 00:11:56,160 [DEBUG] com.spring.springRestDemo.SpringRestDemoApplication {main} Running with Spring Boot v3.4.5, Spring v6.2.6
2025-05-21 00:11:56,162 [INFO] com.spring.springRestDemo.SpringRestDemoApplication {main} No active profile set, falling back to 1 default profile: "default"
2025-05-21 00:12:04,019 [INFO] org.springframework.data.repository.config.RepositoryConfigurationDelegate {main} Bootstrapping Spring Data JPA repositories in DEFAULT mode.
2025-05-21 00:12:04,254 [INFO] org.springframework.data.repository.config.RepositoryConfigurationDelegate {main} Finished Spring Data repository scanning in 200 ms. Found 1 JPA repository interface.
2025-05-21 00:12:08,633 [INFO] org.springframework.boot.web.embedded.tomcat.TomcatWebServer {main} Tomcat initialized with port 8080 (http)
2025-05-21 00:12:08,719 [INFO] org.apache.catalina.core.StandardService {main} Starting service [Tomcat]
2025-05-21 00:12:08,720 [INFO] org.apache.catalina.core.StandardEngine {main} Starting Servlet engine: [Apache Tomcat/10.1.40]
2025-05-21 00:12:09,167 [INFO] org.apache.catalina.core.ContainerBase.[Tomcat].[localhost].[/] {main} Initializing Spring embedded WebApplicationContext
2025-05-21 00:12:09,169 [INFO] org.springframework.boot.web.servlet.context.ServletWebServerApplicationContext {main} Root WebApplicationContext: initialization completed in 12516 ms
2025-05-21 00:12:10,928 [INFO] org.hibernate.jpa.internal.util.LogHelper {main} HHH000204: Processing PersistenceUnitInfo [name: default]
2025-05-21 00:12:11,213 [INFO] org.hibernate.Version {main} HHH000412: Hibernate ORM core version 6.6.13.Final
2025-05-21 00:12:11,577 [INFO] org.hibernate.cache.internal.RegionFactoryInitiator {main} HHH000026: Second-level cache disabled
2025-05-21 00:12:13,186 [INFO] org.springframework.orm.jpa.persistenceunit.SpringPersistenceUnitInfo {main} No LoadTimeWeaver setup: ignoring JPA class transformer
2025-05-21 00:12:13,310 [INFO] com.zaxxer.hikari.HikariDataSource {main} HikariPool-1 - Starting...
2025-05-21 00:12:14,094 [INFO] com.zaxxer.hikari.pool.HikariPool {main} HikariPool-1 - Added connection conn0: url=jdbc:h2:file:./db/blogdb user=ADMIN
2025-05-21 00:12:14,100 [INFO] com.zaxxer.hikari.HikariDataSource {main} HikariPool-1 - Start completed.
2025-05-21 00:12:14,233 [WARN] org.hibernate.orm.deprecation {main} HHH90000025: H2Dialect does not need to be specified explicitly using 'hibernate.dialect' (remove the property setting and it will be selected by default)
2025-05-21 00:12:14,299 [INFO] org.hibernate.orm.connections.pooling {main} HHH10001005: Database info:
	Database JDBC URL [Connecting through datasource 'HikariDataSource (HikariPool-1)']
	Database driver: undefined/unknown
	Database version: 2.3.232
	Autocommit mode: undefined/unknown
	Isolation level: undefined/unknown
	Minimum pool size: undefined/unknown
	Maximum pool size: undefined/unknown
2025-05-21 00:12:17,475 [INFO] org.hibernate.engine.transaction.jta.platform.internal.JtaPlatformInitiator {main} HHH000489: No JTA platform available (set 'hibernate.transaction.jta.platform' to enable JTA platform integration)
2025-05-21 00:12:17,586 [INFO] org.springframework.orm.jpa.LocalContainerEntityManagerFactoryBean {main} Initialized JPA EntityManagerFactory for persistence unit 'default'
2025-05-21 00:12:22,434 [WARN] org.springframework.boot.autoconfigure.orm.jpa.JpaBaseConfiguration$JpaWebConfiguration {main} spring.jpa.open-in-view is enabled by default. Therefore, database queries may be performed during view rendering. Explicitly configure spring.jpa.open-in-view to disable this warning
2025-05-21 00:12:22,713 [INFO] org.springframework.security.config.annotation.authentication.configuration.InitializeUserDetailsBeanManagerConfigurer$InitializeUserDetailsManagerConfigurer {main} Global AuthenticationManager configured with UserDetailsService bean with name accountService
2025-05-21 00:12:25,056 [INFO] org.springframework.boot.actuate.endpoint.web.EndpointLinksResolver {main} Exposing 1 endpoint beneath base path '/actuator'
2025-05-21 00:12:28,093 [INFO] org.springframework.boot.autoconfigure.h2.H2ConsoleAutoConfiguration {main} H2 console available at '/db-console'. Database available at 'jdbc:h2:file:./db/blogdb'
2025-05-21 00:12:28,910 [INFO] org.apache.catalina.core.ContainerBase.[Tomcat].[localhost].[/] {RMI TCP Connection(2)-127.0.0.1} Initializing Spring DispatcherServlet 'dispatcherServlet'
2025-05-21 00:12:28,917 [INFO] org.springframework.web.servlet.DispatcherServlet {RMI TCP Connection(2)-127.0.0.1} Initializing Servlet 'dispatcherServlet'
2025-05-21 00:12:28,923 [INFO] org.springframework.web.servlet.DispatcherServlet {RMI TCP Connection(2)-127.0.0.1} Completed initialization in 5 ms
2025-05-21 00:12:29,351 [INFO] org.springframework.boot.web.embedded.tomcat.TomcatWebServer {main} Tomcat started on port 8080 (http) with context path '/'
2025-05-21 00:12:29,524 [INFO] com.spring.springRestDemo.SpringRestDemoApplication {main} Started SpringRestDemoApplication in 35.272 seconds (process running for 37.157)
2025-05-21 00:12:45,310 [INFO] org.springdoc.api.AbstractOpenApiResource {http-nio-8080-exec-9} Init duration for springdoc-openapi is: 764 ms
2025-05-21 00:36:17,889 [INFO] com.spring.springRestDemo.SpringRestDemoApplication {main} Starting SpringRestDemoApplication using Java 21.0.4 with PID 1128 (C:\Users\USER\Downloads\springRestDemo\target\classes started by USER in C:\Users\USER\Downloads\springRestDemo)
2025-05-21 00:36:17,982 [DEBUG] com.spring.springRestDemo.SpringRestDemoApplication {main} Running with Spring Boot v3.4.5, Spring v6.2.6
2025-05-21 00:36:18,048 [INFO] com.spring.springRestDemo.SpringRestDemoApplication {main} No active profile set, falling back to 1 default profile: "default"
2025-05-21 00:36:23,728 [INFO] org.springframework.data.repository.config.RepositoryConfigurationDelegate {main} Bootstrapping Spring Data JPA repositories in DEFAULT mode.
2025-05-21 00:36:24,014 [INFO] org.springframework.data.repository.config.RepositoryConfigurationDelegate {main} Finished Spring Data repository scanning in 236 ms. Found 1 JPA repository interface.
2025-05-21 00:36:27,643 [INFO] org.springframework.boot.web.embedded.tomcat.TomcatWebServer {main} Tomcat initialized with port 8080 (http)
2025-05-21 00:36:27,711 [INFO] org.apache.catalina.core.StandardService {main} Starting service [Tomcat]
2025-05-21 00:36:27,736 [INFO] org.apache.catalina.core.StandardEngine {main} Starting Servlet engine: [Apache Tomcat/10.1.40]
2025-05-21 00:36:28,113 [INFO] org.apache.catalina.core.ContainerBase.[Tomcat].[localhost].[/] {main} Initializing Spring embedded WebApplicationContext
2025-05-21 00:36:28,118 [INFO] org.springframework.boot.web.servlet.context.ServletWebServerApplicationContext {main} Root WebApplicationContext: initialization completed in 9738 ms
2025-05-21 00:36:29,927 [INFO] org.hibernate.jpa.internal.util.LogHelper {main} HHH000204: Processing PersistenceUnitInfo [name: default]
2025-05-21 00:36:30,360 [INFO] org.hibernate.Version {main} HHH000412: Hibernate ORM core version 6.6.13.Final
2025-05-21 00:36:30,548 [INFO] org.hibernate.cache.internal.RegionFactoryInitiator {main} HHH000026: Second-level cache disabled
2025-05-21 00:36:31,777 [INFO] org.springframework.orm.jpa.persistenceunit.SpringPersistenceUnitInfo {main} No LoadTimeWeaver setup: ignoring JPA class transformer
2025-05-21 00:36:31,943 [INFO] com.zaxxer.hikari.HikariDataSource {main} HikariPool-1 - Starting...
2025-05-21 00:36:32,827 [INFO] com.zaxxer.hikari.pool.HikariPool {main} HikariPool-1 - Added connection conn0: url=jdbc:h2:file:./db/blogdb user=ADMIN
2025-05-21 00:36:32,831 [INFO] com.zaxxer.hikari.HikariDataSource {main} HikariPool-1 - Start completed.
2025-05-21 00:36:32,914 [WARN] org.hibernate.orm.deprecation {main} HHH90000025: H2Dialect does not need to be specified explicitly using 'hibernate.dialect' (remove the property setting and it will be selected by default)
2025-05-21 00:36:33,040 [INFO] org.hibernate.orm.connections.pooling {main} HHH10001005: Database info:
	Database JDBC URL [Connecting through datasource 'HikariDataSource (HikariPool-1)']
	Database driver: undefined/unknown
	Database version: 2.3.232
	Autocommit mode: undefined/unknown
	Isolation level: undefined/unknown
	Minimum pool size: undefined/unknown
	Maximum pool size: undefined/unknown
2025-05-21 00:36:35,897 [INFO] org.hibernate.engine.transaction.jta.platform.internal.JtaPlatformInitiator {main} HHH000489: No JTA platform available (set 'hibernate.transaction.jta.platform' to enable JTA platform integration)
2025-05-21 00:36:36,023 [INFO] org.springframework.orm.jpa.LocalContainerEntityManagerFactoryBean {main} Initialized JPA EntityManagerFactory for persistence unit 'default'
2025-05-21 00:36:39,719 [WARN] org.springframework.boot.autoconfigure.orm.jpa.JpaBaseConfiguration$JpaWebConfiguration {main} spring.jpa.open-in-view is enabled by default. Therefore, database queries may be performed during view rendering. Explicitly configure spring.jpa.open-in-view to disable this warning
2025-05-21 00:36:40,105 [INFO] org.springframework.security.config.annotation.authentication.configuration.InitializeUserDetailsBeanManagerConfigurer$InitializeUserDetailsManagerConfigurer {main} Global AuthenticationManager configured with UserDetailsService bean with name accountService
2025-05-21 00:36:42,015 [INFO] org.springframework.boot.actuate.endpoint.web.EndpointLinksResolver {main} Exposing 1 endpoint beneath base path '/actuator'
2025-05-21 00:36:44,672 [INFO] org.springframework.boot.autoconfigure.h2.H2ConsoleAutoConfiguration {main} H2 console available at '/db-console'. Database available at 'jdbc:h2:file:./db/blogdb'
2025-05-21 00:36:45,259 [INFO] org.springframework.boot.web.embedded.tomcat.TomcatWebServer {main} Tomcat started on port 8080 (http) with context path '/'
2025-05-21 00:36:45,412 [INFO] com.spring.springRestDemo.SpringRestDemoApplication {main} Started SpringRestDemoApplication in 29.387 seconds (process running for 31.589)
2025-05-21 00:36:47,462 [INFO] org.apache.catalina.core.ContainerBase.[Tomcat].[localhost].[/] {RMI TCP Connection(3)-127.0.0.1} Initializing Spring DispatcherServlet 'dispatcherServlet'
2025-05-21 00:36:47,463 [INFO] org.springframework.web.servlet.DispatcherServlet {RMI TCP Connection(3)-127.0.0.1} Initializing Servlet 'dispatcherServlet'
2025-05-21 00:36:47,466 [INFO] org.springframework.web.servlet.DispatcherServlet {RMI TCP Connection(3)-127.0.0.1} Completed initialization in 2 ms
2025-05-21 00:36:53,793 [INFO] org.springdoc.api.AbstractOpenApiResource {http-nio-8080-exec-9} Init duration for springdoc-openapi is: 749 ms
2025-05-21 01:08:42,925 [INFO] com.spring.springRestDemo.SpringRestDemoApplication {main} Starting SpringRestDemoApplication using Java 21.0.4 with PID 6056 (C:\Users\USER\Downloads\springRestDemo\target\classes started by USER in C:\Users\USER\Downloads\springRestDemo)
2025-05-21 01:08:42,933 [DEBUG] com.spring.springRestDemo.SpringRestDemoApplication {main} Running with Spring Boot v3.4.5, Spring v6.2.6
2025-05-21 01:08:42,937 [INFO] com.spring.springRestDemo.SpringRestDemoApplication {main} No active profile set, falling back to 1 default profile: "default"
2025-05-21 01:08:52,903 [INFO] org.springframework.data.repository.config.RepositoryConfigurationDelegate {main} Bootstrapping Spring Data JPA repositories in DEFAULT mode.
2025-05-21 01:08:53,707 [INFO] org.springframework.data.repository.config.RepositoryConfigurationDelegate {main} Finished Spring Data repository scanning in 732 ms. Found 1 JPA repository interface.
2025-05-21 01:08:58,939 [INFO] com.spring.springRestDemo.SpringRestDemoApplication {main} Starting SpringRestDemoApplication using Java 21.0.4 with PID 7016 (C:\Users\USER\Downloads\springRestDemo\target\classes started by USER in C:\Users\USER\Downloads\springRestDemo)
2025-05-21 01:08:59,018 [DEBUG] com.spring.springRestDemo.SpringRestDemoApplication {main} Running with Spring Boot v3.4.5, Spring v6.2.6
2025-05-21 01:08:59,059 [INFO] com.spring.springRestDemo.SpringRestDemoApplication {main} No active profile set, falling back to 1 default profile: "default"
2025-05-21 01:09:04,254 [INFO] org.springframework.boot.web.embedded.tomcat.TomcatWebServer {main} Tomcat initialized with port 8080 (http)
2025-05-21 01:09:04,410 [INFO] org.apache.catalina.core.StandardService {main} Starting service [Tomcat]
2025-05-21 01:09:04,422 [INFO] org.apache.catalina.core.StandardEngine {main} Starting Servlet engine: [Apache Tomcat/10.1.40]
2025-05-21 01:09:05,134 [INFO] org.apache.catalina.core.ContainerBase.[Tomcat].[localhost].[/] {main} Initializing Spring embedded WebApplicationContext
2025-05-21 01:09:05,145 [INFO] org.springframework.boot.web.servlet.context.ServletWebServerApplicationContext {main} Root WebApplicationContext: initialization completed in 21782 ms
2025-05-21 01:09:09,767 [INFO] org.springframework.data.repository.config.RepositoryConfigurationDelegate {main} Bootstrapping Spring Data JPA repositories in DEFAULT mode.
2025-05-21 01:09:10,202 [INFO] org.springframework.data.repository.config.RepositoryConfigurationDelegate {main} Finished Spring Data repository scanning in 342 ms. Found 1 JPA repository interface.
2025-05-21 01:09:11,305 [INFO] org.hibernate.jpa.internal.util.LogHelper {main} HHH000204: Processing PersistenceUnitInfo [name: default]
2025-05-21 01:09:11,751 [INFO] org.hibernate.Version {main} HHH000412: Hibernate ORM core version 6.6.13.Final
2025-05-21 01:09:12,074 [INFO] org.hibernate.cache.internal.RegionFactoryInitiator {main} HHH000026: Second-level cache disabled
2025-05-21 01:09:15,246 [INFO] org.springframework.orm.jpa.persistenceunit.SpringPersistenceUnitInfo {main} No LoadTimeWeaver setup: ignoring JPA class transformer
2025-05-21 01:09:15,609 [INFO] com.zaxxer.hikari.HikariDataSource {main} HikariPool-1 - Starting...
2025-05-21 01:09:16,722 [INFO] org.springframework.boot.web.embedded.tomcat.TomcatWebServer {main} Tomcat initialized with port 8080 (http)
2025-05-21 01:09:16,889 [INFO] org.apache.catalina.core.StandardService {main} Starting service [Tomcat]
2025-05-21 01:09:16,917 [INFO] org.apache.catalina.core.StandardEngine {main} Starting Servlet engine: [Apache Tomcat/10.1.40]
2025-05-21 01:09:17,544 [INFO] org.apache.catalina.core.ContainerBase.[Tomcat].[localhost].[/] {main} Initializing Spring embedded WebApplicationContext
2025-05-21 01:09:17,555 [INFO] org.springframework.boot.web.servlet.context.ServletWebServerApplicationContext {main} Root WebApplicationContext: initialization completed in 17990 ms
2025-05-21 01:09:18,089 [INFO] com.zaxxer.hikari.pool.HikariPool {main} HikariPool-1 - Added connection conn0: url=jdbc:h2:file:./db/blogdb user=ADMIN
2025-05-21 01:09:18,109 [INFO] com.zaxxer.hikari.HikariDataSource {main} HikariPool-1 - Start completed.
2025-05-21 01:09:18,399 [WARN] org.hibernate.orm.deprecation {main} HHH90000025: H2Dialect does not need to be specified explicitly using 'hibernate.dialect' (remove the property setting and it will be selected by default)
2025-05-21 01:09:18,689 [INFO] org.hibernate.orm.connections.pooling {main} HHH10001005: Database info:
	Database JDBC URL [Connecting through datasource 'HikariDataSource (HikariPool-1)']
	Database driver: undefined/unknown
	Database version: 2.3.232
	Autocommit mode: undefined/unknown
	Isolation level: undefined/unknown
	Minimum pool size: undefined/unknown
	Maximum pool size: undefined/unknown
2025-05-21 01:09:20,918 [INFO] org.hibernate.jpa.internal.util.LogHelper {main} HHH000204: Processing PersistenceUnitInfo [name: default]
2025-05-21 01:09:21,259 [INFO] org.hibernate.Version {main} HHH000412: Hibernate ORM core version 6.6.13.Final
2025-05-21 01:09:21,595 [INFO] org.hibernate.cache.internal.RegionFactoryInitiator {main} HHH000026: Second-level cache disabled
2025-05-21 01:09:23,318 [INFO] org.springframework.orm.jpa.persistenceunit.SpringPersistenceUnitInfo {main} No LoadTimeWeaver setup: ignoring JPA class transformer
2025-05-21 01:09:24,168 [INFO] com.zaxxer.hikari.HikariDataSource {main} HikariPool-1 - Starting...
2025-05-21 01:09:25,494 [INFO] org.hibernate.engine.transaction.jta.platform.internal.JtaPlatformInitiator {main} HHH000489: No JTA platform available (set 'hibernate.transaction.jta.platform' to enable JTA platform integration)
2025-05-21 01:09:25,705 [INFO] org.springframework.orm.jpa.LocalContainerEntityManagerFactoryBean {main} Initialized JPA EntityManagerFactory for persistence unit 'default'
2025-05-21 01:09:26,127 [WARN] org.hibernate.engine.jdbc.spi.SqlExceptionHelper {main} SQL Error: 90020, SQLState: 90020
2025-05-21 01:09:26,137 [ERROR] org.hibernate.engine.jdbc.spi.SqlExceptionHelper {main} Database may be already in use: "C:/Users/USER/Downloads/springRestDemo/db/blogdb.mv.db". Possible solutions: close all other connection(s); use the server mode [90020-232]
2025-05-21 01:09:26,147 [WARN] org.hibernate.engine.jdbc.env.internal.JdbcEnvironmentInitiator {main} HHH000342: Could not obtain connection to query metadata
org.hibernate.exception.GenericJDBCException: unable to obtain isolated JDBC connection [Database may be already in use: "C:/Users/USER/Downloads/springRestDemo/db/blogdb.mv.db". Possible solutions: close all other connection(s); use the server mode [90020-232]] [n/a]
	at org.hibernate.exception.internal.StandardSQLExceptionConverter.convert(StandardSQLExceptionConverter.java:63)
	at org.hibernate.engine.jdbc.spi.SqlExceptionHelper.convert(SqlExceptionHelper.java:108)
	at org.hibernate.engine.jdbc.spi.SqlExceptionHelper.convert(SqlExceptionHelper.java:94)
	at org.hibernate.resource.transaction.backend.jdbc.internal.JdbcIsolationDelegate.delegateWork(JdbcIsolationDelegate.java:116)
	at org.hibernate.engine.jdbc.env.internal.JdbcEnvironmentInitiator.getJdbcEnvironmentUsingJdbcMetadata(JdbcEnvironmentInitiator.java:320)
	at org.hibernate.engine.jdbc.env.internal.JdbcEnvironmentInitiator.initiateService(JdbcEnvironmentInitiator.java:129)
	at org.hibernate.engine.jdbc.env.internal.JdbcEnvironmentInitiator.initiateService(JdbcEnvironmentInitiator.java:81)
	at org.hibernate.boot.registry.internal.StandardServiceRegistryImpl.initiateService(StandardServiceRegistryImpl.java:130)
	at org.hibernate.service.internal.AbstractServiceRegistryImpl.createService(AbstractServiceRegistryImpl.java:263)
	at org.hibernate.service.internal.AbstractServiceRegistryImpl.initializeService(AbstractServiceRegistryImpl.java:238)
	at org.hibernate.service.internal.AbstractServiceRegistryImpl.getService(AbstractServiceRegistryImpl.java:215)
	at org.hibernate.boot.model.relational.Database.<init>(Database.java:45)
	at org.hibernate.boot.internal.InFlightMetadataCollectorImpl.getDatabase(InFlightMetadataCollectorImpl.java:226)
	at org.hibernate.boot.internal.InFlightMetadataCollectorImpl.<init>(InFlightMetadataCollectorImpl.java:194)
	at org.hibernate.boot.model.process.spi.MetadataBuildingProcess.complete(MetadataBuildingProcess.java:171)
	at org.hibernate.jpa.boot.internal.EntityManagerFactoryBuilderImpl.metadata(EntityManagerFactoryBuilderImpl.java:1442)
	at org.hibernate.jpa.boot.internal.EntityManagerFactoryBuilderImpl.build(EntityManagerFactoryBuilderImpl.java:1513)
	at org.springframework.orm.jpa.vendor.SpringHibernateJpaPersistenceProvider.createContainerEntityManagerFactory(SpringHibernateJpaPersistenceProvider.java:66)
	at org.springframework.orm.jpa.LocalContainerEntityManagerFactoryBean.createNativeEntityManagerFactory(LocalContainerEntityManagerFactoryBean.java:390)
	at org.springframework.orm.jpa.AbstractEntityManagerFactoryBean.buildNativeEntityManagerFactory(AbstractEntityManagerFactoryBean.java:419)
	at org.springframework.orm.jpa.AbstractEntityManagerFactoryBean.afterPropertiesSet(AbstractEntityManagerFactoryBean.java:400)
	at org.springframework.orm.jpa.LocalContainerEntityManagerFactoryBean.afterPropertiesSet(LocalContainerEntityManagerFactoryBean.java:366)
	at org.springframework.beans.factory.support.AbstractAutowireCapableBeanFactory.invokeInitMethods(AbstractAutowireCapableBeanFactory.java:1865)
	at org.springframework.beans.factory.support.AbstractAutowireCapableBeanFactory.initializeBean(AbstractAutowireCapableBeanFactory.java:1814)
	at org.springframework.beans.factory.support.AbstractAutowireCapableBeanFactory.doCreateBean(AbstractAutowireCapableBeanFactory.java:607)
	at org.springframework.beans.factory.support.AbstractAutowireCapableBeanFactory.createBean(AbstractAutowireCapableBeanFactory.java:529)
	at org.springframework.beans.factory.support.AbstractBeanFactory.lambda$doGetBean$0(AbstractBeanFactory.java:339)
	at org.springframework.beans.factory.support.DefaultSingletonBeanRegistry.getSingleton(DefaultSingletonBeanRegistry.java:371)
	at org.springframework.beans.factory.support.AbstractBeanFactory.doGetBean(AbstractBeanFactory.java:337)
	at org.springframework.beans.factory.support.AbstractBeanFactory.getBean(AbstractBeanFactory.java:207)
	at org.springframework.context.support.AbstractApplicationContext.finishBeanFactoryInitialization(AbstractApplicationContext.java:970)
	at org.springframework.context.support.AbstractApplicationContext.refresh(AbstractApplicationContext.java:627)
	at org.springframework.boot.web.servlet.context.ServletWebServerApplicationContext.refresh(ServletWebServerApplicationContext.java:146)
	at org.springframework.boot.SpringApplication.refresh(SpringApplication.java:753)
	at org.springframework.boot.SpringApplication.refreshContext(SpringApplication.java:439)
	at org.springframework.boot.SpringApplication.run(SpringApplication.java:318)
	at org.springframework.boot.SpringApplication.run(SpringApplication.java:1362)
	at org.springframework.boot.SpringApplication.run(SpringApplication.java:1351)
	at com.spring.springRestDemo.SpringRestDemoApplication.main(SpringRestDemoApplication.java:19)
Caused by: org.h2.jdbc.JdbcSQLNonTransientConnectionException: Database may be already in use: "C:/Users/USER/Downloads/springRestDemo/db/blogdb.mv.db". Possible solutions: close all other connection(s); use the server mode [90020-232]
	at org.h2.message.DbException.getJdbcSQLException(DbException.java:690)
	at org.h2.message.DbException.getJdbcSQLException(DbException.java:489)
	at org.h2.message.DbException.get(DbException.java:212)
	at org.h2.mvstore.db.Store.convertMVStoreException(Store.java:165)
	at org.h2.mvstore.db.Store.<init>(Store.java:142)
	at org.h2.engine.Database.<init>(Database.java:326)
	at org.h2.engine.Engine.openSession(Engine.java:92)
	at org.h2.engine.Engine.openSession(Engine.java:222)
	at org.h2.engine.Engine.createSession(Engine.java:201)
	at org.h2.engine.SessionRemote.connectEmbeddedOrServer(SessionRemote.java:344)
	at org.h2.jdbc.JdbcConnection.<init>(JdbcConnection.java:124)
	at org.h2.Driver.connect(Driver.java:59)
	at com.zaxxer.hikari.util.DriverDataSource.getConnection(DriverDataSource.java:137)
	at com.zaxxer.hikari.pool.PoolBase.newConnection(PoolBase.java:360)
	at com.zaxxer.hikari.pool.PoolBase.newPoolEntry(PoolBase.java:202)
	at com.zaxxer.hikari.pool.HikariPool.createPoolEntry(HikariPool.java:461)
	at com.zaxxer.hikari.pool.HikariPool.checkFailFast(HikariPool.java:550)
	at com.zaxxer.hikari.pool.HikariPool.<init>(HikariPool.java:98)
	at com.zaxxer.hikari.HikariDataSource.getConnection(HikariDataSource.java:111)
	at org.hibernate.engine.jdbc.connections.internal.DatasourceConnectionProviderImpl.getConnection(DatasourceConnectionProviderImpl.java:126)
	at org.hibernate.engine.jdbc.env.internal.JdbcEnvironmentInitiator$ConnectionProviderJdbcConnectionAccess.obtainConnection(JdbcEnvironmentInitiator.java:467)
	at org.hibernate.resource.transaction.backend.jdbc.internal.JdbcIsolationDelegate.delegateWork(JdbcIsolationDelegate.java:61)
	... 35 common frames omitted
Caused by: org.h2.mvstore.MVStoreException: The file is locked: C:/Users/USER/Downloads/springRestDemo/db/blogdb.mv.db [2.3.232/7]
	at org.h2.mvstore.DataUtils.newMVStoreException(DataUtils.java:996)
	at org.h2.mvstore.SingleFileStore.lockFileChannel(SingleFileStore.java:143)
	at org.h2.mvstore.SingleFileStore.open(SingleFileStore.java:117)
	at org.h2.mvstore.SingleFileStore.open(SingleFileStore.java:81)
	at org.h2.mvstore.MVStore.<init>(MVStore.java:286)
	at org.h2.mvstore.MVStore$Builder.open(MVStore.java:2035)
	at org.h2.mvstore.db.Store.<init>(Store.java:133)
	... 52 common frames omitted
2025-05-21 01:09:26,603 [WARN] org.hibernate.orm.deprecation {main} HHH90000025: H2Dialect does not need to be specified explicitly using 'hibernate.dialect' (remove the property setting and it will be selected by default)
2025-05-21 01:09:26,856 [INFO] org.hibernate.orm.connections.pooling {main} HHH10001005: Database info:
	Database JDBC URL [Connecting through datasource 'HikariDataSource (null)']
	Database driver: undefined/unknown
	Database version: 2.1.214
	Autocommit mode: undefined/unknown
	Isolation level: undefined/unknown
	Minimum pool size: undefined/unknown
	Maximum pool size: undefined/unknown
2025-05-21 01:09:31,828 [INFO] com.zaxxer.hikari.HikariDataSource {main} HikariPool-1 - Starting...
2025-05-21 01:09:32,875 [ERROR] org.hibernate.query.sqm.mutation.internal.temptable.GlobalTemporaryTableStrategy {main} Unable obtain JDBC Connection
org.h2.jdbc.JdbcSQLNonTransientConnectionException: Database may be already in use: "C:/Users/USER/Downloads/springRestDemo/db/blogdb.mv.db". Possible solutions: close all other connection(s); use the server mode [90020-232]
	at org.h2.message.DbException.getJdbcSQLException(DbException.java:690)
	at org.h2.message.DbException.getJdbcSQLException(DbException.java:489)
	at org.h2.message.DbException.get(DbException.java:212)
	at org.h2.mvstore.db.Store.convertMVStoreException(Store.java:165)
	at org.h2.mvstore.db.Store.<init>(Store.java:142)
	at org.h2.engine.Database.<init>(Database.java:326)
	at org.h2.engine.Engine.openSession(Engine.java:92)
	at org.h2.engine.Engine.openSession(Engine.java:222)
	at org.h2.engine.Engine.createSession(Engine.java:201)
	at org.h2.engine.SessionRemote.connectEmbeddedOrServer(SessionRemote.java:344)
	at org.h2.jdbc.JdbcConnection.<init>(JdbcConnection.java:124)
	at org.h2.Driver.connect(Driver.java:59)
	at com.zaxxer.hikari.util.DriverDataSource.getConnection(DriverDataSource.java:137)
	at com.zaxxer.hikari.pool.PoolBase.newConnection(PoolBase.java:360)
	at com.zaxxer.hikari.pool.PoolBase.newPoolEntry(PoolBase.java:202)
	at com.zaxxer.hikari.pool.HikariPool.createPoolEntry(HikariPool.java:461)
	at com.zaxxer.hikari.pool.HikariPool.checkFailFast(HikariPool.java:550)
	at com.zaxxer.hikari.pool.HikariPool.<init>(HikariPool.java:98)
	at com.zaxxer.hikari.HikariDataSource.getConnection(HikariDataSource.java:111)
	at org.hibernate.engine.jdbc.connections.internal.DatasourceConnectionProviderImpl.getConnection(DatasourceConnectionProviderImpl.java:126)
	at org.hibernate.engine.jdbc.env.internal.JdbcEnvironmentInitiator$ConnectionProviderJdbcConnectionAccess.obtainConnection(JdbcEnvironmentInitiator.java:467)
	at org.hibernate.query.sqm.mutation.internal.temptable.GlobalTemporaryTableStrategy.prepare(GlobalTemporaryTableStrategy.java:91)
	at org.hibernate.persister.entity.AbstractEntityPersister.lambda$prepareMappingModel$13(AbstractEntityPersister.java:5296)
	at org.hibernate.metamodel.mapping.internal.MappingModelCreationProcess$PostInitCallbackEntry.process(MappingModelCreationProcess.java:246)
	at org.hibernate.metamodel.mapping.internal.MappingModelCreationProcess.executePostInitCallbacks(MappingModelCreationProcess.java:106)
	at org.hibernate.metamodel.mapping.internal.MappingModelCreationProcess.execute(MappingModelCreationProcess.java:88)
	at org.hibernate.metamodel.mapping.internal.MappingModelCreationProcess.process(MappingModelCreationProcess.java:42)
	at org.hibernate.metamodel.model.domain.internal.MappingMetamodelImpl.finishInitialization(MappingMetamodelImpl.java:200)
	at org.hibernate.internal.SessionFactoryImpl.initializeMappingModel(SessionFactoryImpl.java:373)
	at org.hibernate.internal.SessionFactoryImpl.<init>(SessionFactoryImpl.java:302)
	at org.hibernate.boot.internal.SessionFactoryBuilderImpl.build(SessionFactoryBuilderImpl.java:463)
	at org.hibernate.jpa.boot.internal.EntityManagerFactoryBuilderImpl.build(EntityManagerFactoryBuilderImpl.java:1517)
	at org.springframework.orm.jpa.vendor.SpringHibernateJpaPersistenceProvider.createContainerEntityManagerFactory(SpringHibernateJpaPersistenceProvider.java:66)
	at org.springframework.orm.jpa.LocalContainerEntityManagerFactoryBean.createNativeEntityManagerFactory(LocalContainerEntityManagerFactoryBean.java:390)
	at org.springframework.orm.jpa.AbstractEntityManagerFactoryBean.buildNativeEntityManagerFactory(AbstractEntityManagerFactoryBean.java:419)
	at org.springframework.orm.jpa.AbstractEntityManagerFactoryBean.afterPropertiesSet(AbstractEntityManagerFactoryBean.java:400)
	at org.springframework.orm.jpa.LocalContainerEntityManagerFactoryBean.afterPropertiesSet(LocalContainerEntityManagerFactoryBean.java:366)
	at org.springframework.beans.factory.support.AbstractAutowireCapableBeanFactory.invokeInitMethods(AbstractAutowireCapableBeanFactory.java:1865)
	at org.springframework.beans.factory.support.AbstractAutowireCapableBeanFactory.initializeBean(AbstractAutowireCapableBeanFactory.java:1814)
	at org.springframework.beans.factory.support.AbstractAutowireCapableBeanFactory.doCreateBean(AbstractAutowireCapableBeanFactory.java:607)
	at org.springframework.beans.factory.support.AbstractAutowireCapableBeanFactory.createBean(AbstractAutowireCapableBeanFactory.java:529)
	at org.springframework.beans.factory.support.AbstractBeanFactory.lambda$doGetBean$0(AbstractBeanFactory.java:339)
	at org.springframework.beans.factory.support.DefaultSingletonBeanRegistry.getSingleton(DefaultSingletonBeanRegistry.java:371)
	at org.springframework.beans.factory.support.AbstractBeanFactory.doGetBean(AbstractBeanFactory.java:337)
	at org.springframework.beans.factory.support.AbstractBeanFactory.getBean(AbstractBeanFactory.java:207)
	at org.springframework.context.support.AbstractApplicationContext.finishBeanFactoryInitialization(AbstractApplicationContext.java:970)
	at org.springframework.context.support.AbstractApplicationContext.refresh(AbstractApplicationContext.java:627)
	at org.springframework.boot.web.servlet.context.ServletWebServerApplicationContext.refresh(ServletWebServerApplicationContext.java:146)
	at org.springframework.boot.SpringApplication.refresh(SpringApplication.java:753)
	at org.springframework.boot.SpringApplication.refreshContext(SpringApplication.java:439)
	at org.springframework.boot.SpringApplication.run(SpringApplication.java:318)
	at org.springframework.boot.SpringApplication.run(SpringApplication.java:1362)
	at org.springframework.boot.SpringApplication.run(SpringApplication.java:1351)
	at com.spring.springRestDemo.SpringRestDemoApplication.main(SpringRestDemoApplication.java:19)
Caused by: org.h2.mvstore.MVStoreException: The file is locked: C:/Users/USER/Downloads/springRestDemo/db/blogdb.mv.db [2.3.232/7]
	at org.h2.mvstore.DataUtils.newMVStoreException(DataUtils.java:996)
	at org.h2.mvstore.SingleFileStore.lockFileChannel(SingleFileStore.java:143)
	at org.h2.mvstore.SingleFileStore.open(SingleFileStore.java:117)
	at org.h2.mvstore.SingleFileStore.open(SingleFileStore.java:81)
	at org.h2.mvstore.MVStore.<init>(MVStore.java:286)
	at org.h2.mvstore.MVStore$Builder.open(MVStore.java:2035)
	at org.h2.mvstore.db.Store.<init>(Store.java:133)
	... 49 common frames omitted
2025-05-21 01:09:33,322 [INFO] org.hibernate.engine.transaction.jta.platform.internal.JtaPlatformInitiator {main} HHH000489: No JTA platform available (set 'hibernate.transaction.jta.platform' to enable JTA platform integration)
2025-05-21 01:09:33,404 [INFO] com.zaxxer.hikari.HikariDataSource {main} HikariPool-1 - Starting...
2025-05-21 01:09:34,103 [WARN] org.springframework.boot.autoconfigure.orm.jpa.JpaBaseConfiguration$JpaWebConfiguration {main} spring.jpa.open-in-view is enabled by default. Therefore, database queries may be performed during view rendering. Explicitly configure spring.jpa.open-in-view to disable this warning
2025-05-21 01:09:34,201 [INFO] org.springframework.security.config.annotation.authentication.configuration.InitializeUserDetailsBeanManagerConfigurer$InitializeUserDetailsManagerConfigurer {main} Global AuthenticationManager configured with UserDetailsService bean with name accountService
2025-05-21 01:09:34,484 [WARN] org.hibernate.engine.jdbc.spi.SqlExceptionHelper {main} SQL Error: 90020, SQLState: 90020
2025-05-21 01:09:34,485 [ERROR] org.hibernate.engine.jdbc.spi.SqlExceptionHelper {main} Database may be already in use: "C:/Users/USER/Downloads/springRestDemo/db/blogdb.mv.db". Possible solutions: close all other connection(s); use the server mode [90020-232]
2025-05-21 01:09:34,498 [ERROR] org.springframework.orm.jpa.LocalContainerEntityManagerFactoryBean {main} Failed to initialize JPA EntityManagerFactory: [PersistenceUnit: default] Unable to build Hibernate SessionFactory; nested exception is org.hibernate.exception.JDBCConnectionException: Unable to open JDBC Connection for DDL execution [Database may be already in use: "C:/Users/USER/Downloads/springRestDemo/db/blogdb.mv.db". Possible solutions: close all other connection(s); use the server mode [90020-232]] [n/a]
2025-05-21 01:09:34,502 [WARN] org.springframework.boot.web.servlet.context.AnnotationConfigServletWebServerApplicationContext {main} Exception encountered during context initialization - cancelling refresh attempt: org.springframework.beans.factory.BeanCreationException: Error creating bean with name 'entityManagerFactory' defined in class path resource [org/springframework/boot/autoconfigure/orm/jpa/HibernateJpaConfiguration.class]: [PersistenceUnit: default] Unable to build Hibernate SessionFactory; nested exception is org.hibernate.exception.JDBCConnectionException: Unable to open JDBC Connection for DDL execution [Database may be already in use: "C:/Users/USER/Downloads/springRestDemo/db/blogdb.mv.db". Possible solutions: close all other connection(s); use the server mode [90020-232]] [n/a]
2025-05-21 01:09:34,517 [INFO] org.apache.catalina.core.StandardService {main} Stopping service [Tomcat]
2025-05-21 01:09:34,636 [INFO] org.springframework.boot.autoconfigure.logging.ConditionEvaluationReportLogger {main} 

Error starting ApplicationContext. To display the condition evaluation report re-run your application with 'debug' enabled.
2025-05-21 01:09:34,723 [ERROR] org.springframework.boot.SpringApplication {main} Application run failed
org.springframework.beans.factory.BeanCreationException: Error creating bean with name 'entityManagerFactory' defined in class path resource [org/springframework/boot/autoconfigure/orm/jpa/HibernateJpaConfiguration.class]: [PersistenceUnit: default] Unable to build Hibernate SessionFactory; nested exception is org.hibernate.exception.JDBCConnectionException: Unable to open JDBC Connection for DDL execution [Database may be already in use: "C:/Users/USER/Downloads/springRestDemo/db/blogdb.mv.db". Possible solutions: close all other connection(s); use the server mode [90020-232]] [n/a]
	at org.springframework.beans.factory.support.AbstractAutowireCapableBeanFactory.initializeBean(AbstractAutowireCapableBeanFactory.java:1818)
	at org.springframework.beans.factory.support.AbstractAutowireCapableBeanFactory.doCreateBean(AbstractAutowireCapableBeanFactory.java:607)
	at org.springframework.beans.factory.support.AbstractAutowireCapableBeanFactory.createBean(AbstractAutowireCapableBeanFactory.java:529)
	at org.springframework.beans.factory.support.AbstractBeanFactory.lambda$doGetBean$0(AbstractBeanFactory.java:339)
	at org.springframework.beans.factory.support.DefaultSingletonBeanRegistry.getSingleton(DefaultSingletonBeanRegistry.java:371)
	at org.springframework.beans.factory.support.AbstractBeanFactory.doGetBean(AbstractBeanFactory.java:337)
	at org.springframework.beans.factory.support.AbstractBeanFactory.getBean(AbstractBeanFactory.java:207)
	at org.springframework.context.support.AbstractApplicationContext.finishBeanFactoryInitialization(AbstractApplicationContext.java:970)
	at org.springframework.context.support.AbstractApplicationContext.refresh(AbstractApplicationContext.java:627)
	at org.springframework.boot.web.servlet.context.ServletWebServerApplicationContext.refresh(ServletWebServerApplicationContext.java:146)
	at org.springframework.boot.SpringApplication.refresh(SpringApplication.java:753)
	at org.springframework.boot.SpringApplication.refreshContext(SpringApplication.java:439)
	at org.springframework.boot.SpringApplication.run(SpringApplication.java:318)
	at org.springframework.boot.SpringApplication.run(SpringApplication.java:1362)
	at org.springframework.boot.SpringApplication.run(SpringApplication.java:1351)
	at com.spring.springRestDemo.SpringRestDemoApplication.main(SpringRestDemoApplication.java:19)
Caused by: jakarta.persistence.PersistenceException: [PersistenceUnit: default] Unable to build Hibernate SessionFactory; nested exception is org.hibernate.exception.JDBCConnectionException: Unable to open JDBC Connection for DDL execution [Database may be already in use: "C:/Users/USER/Downloads/springRestDemo/db/blogdb.mv.db". Possible solutions: close all other connection(s); use the server mode [90020-232]] [n/a]
	at org.springframework.orm.jpa.AbstractEntityManagerFactoryBean.buildNativeEntityManagerFactory(AbstractEntityManagerFactoryBean.java:431)
	at org.springframework.orm.jpa.AbstractEntityManagerFactoryBean.afterPropertiesSet(AbstractEntityManagerFactoryBean.java:400)
	at org.springframework.orm.jpa.LocalContainerEntityManagerFactoryBean.afterPropertiesSet(LocalContainerEntityManagerFactoryBean.java:366)
	at org.springframework.beans.factory.support.AbstractAutowireCapableBeanFactory.invokeInitMethods(AbstractAutowireCapableBeanFactory.java:1865)
	at org.springframework.beans.factory.support.AbstractAutowireCapableBeanFactory.initializeBean(AbstractAutowireCapableBeanFactory.java:1814)
	... 15 common frames omitted
Caused by: org.hibernate.exception.JDBCConnectionException: Unable to open JDBC Connection for DDL execution [Database may be already in use: "C:/Users/USER/Downloads/springRestDemo/db/blogdb.mv.db". Possible solutions: close all other connection(s); use the server mode [90020-232]] [n/a]
	at org.hibernate.exception.internal.SQLExceptionTypeDelegate.convert(SQLExceptionTypeDelegate.java:51)
	at org.hibernate.exception.internal.StandardSQLExceptionConverter.convert(StandardSQLExceptionConverter.java:58)
	at org.hibernate.engine.jdbc.spi.SqlExceptionHelper.convert(SqlExceptionHelper.java:108)
	at org.hibernate.engine.jdbc.spi.SqlExceptionHelper.convert(SqlExceptionHelper.java:94)
	at org.hibernate.resource.transaction.backend.jdbc.internal.DdlTransactionIsolatorNonJtaImpl.getIsolatedConnection(DdlTransactionIsolatorNonJtaImpl.java:74)
	at org.hibernate.tool.schema.internal.exec.GenerationTargetToDatabase.getIsolatedConnection(GenerationTargetToDatabase.java:60)
	at org.hibernate.tool.schema.internal.exec.GenerationTargetToDatabase.jdbcStatement(GenerationTargetToDatabase.java:112)
	at org.hibernate.tool.schema.internal.exec.GenerationTargetToDatabase.accept(GenerationTargetToDatabase.java:79)
	at org.hibernate.tool.schema.internal.Helper.applySqlString(Helper.java:233)
	at org.hibernate.tool.schema.internal.Helper.applySqlStrings(Helper.java:217)
	at org.hibernate.tool.schema.internal.SchemaDropperImpl.dropTables(SchemaDropperImpl.java:384)
	at org.hibernate.tool.schema.internal.SchemaDropperImpl.dropConstraintsTablesSequences(SchemaDropperImpl.java:256)
	at org.hibernate.tool.schema.internal.SchemaDropperImpl.dropFromMetadata(SchemaDropperImpl.java:218)
	at org.hibernate.tool.schema.internal.SchemaDropperImpl.performDrop(SchemaDropperImpl.java:186)
	at org.hibernate.tool.schema.internal.SchemaDropperImpl.doDrop(SchemaDropperImpl.java:156)
	at org.hibernate.tool.schema.internal.SchemaDropperImpl.doDrop(SchemaDropperImpl.java:116)
	at org.hibernate.tool.schema.spi.SchemaManagementToolCoordinator.performDatabaseAction(SchemaManagementToolCoordinator.java:238)
	at org.hibernate.tool.schema.spi.SchemaManagementToolCoordinator.lambda$process$5(SchemaManagementToolCoordinator.java:144)
	at java.base/java.util.HashMap.forEach(HashMap.java:1429)
	at org.hibernate.tool.schema.spi.SchemaManagementToolCoordinator.process(SchemaManagementToolCoordinator.java:141)
	at org.hibernate.boot.internal.SessionFactoryObserverForSchemaExport.sessionFactoryCreated(SessionFactoryObserverForSchemaExport.java:37)
	at org.hibernate.internal.SessionFactoryObserverChain.sessionFactoryCreated(SessionFactoryObserverChain.java:35)
	at org.hibernate.internal.SessionFactoryImpl.<init>(SessionFactoryImpl.java:324)
	at org.hibernate.boot.internal.SessionFactoryBuilderImpl.build(SessionFactoryBuilderImpl.java:463)
	at org.hibernate.jpa.boot.internal.EntityManagerFactoryBuilderImpl.build(EntityManagerFactoryBuilderImpl.java:1517)
	at org.springframework.orm.jpa.vendor.SpringHibernateJpaPersistenceProvider.createContainerEntityManagerFactory(SpringHibernateJpaPersistenceProvider.java:66)
	at org.springframework.orm.jpa.LocalContainerEntityManagerFactoryBean.createNativeEntityManagerFactory(LocalContainerEntityManagerFactoryBean.java:390)
	at org.springframework.orm.jpa.AbstractEntityManagerFactoryBean.buildNativeEntityManagerFactory(AbstractEntityManagerFactoryBean.java:419)
	... 19 common frames omitted
Caused by: org.h2.jdbc.JdbcSQLNonTransientConnectionException: Database may be already in use: "C:/Users/USER/Downloads/springRestDemo/db/blogdb.mv.db". Possible solutions: close all other connection(s); use the server mode [90020-232]
	at org.h2.message.DbException.getJdbcSQLException(DbException.java:690)
	at org.h2.message.DbException.getJdbcSQLException(DbException.java:489)
	at org.h2.message.DbException.get(DbException.java:212)
	at org.h2.mvstore.db.Store.convertMVStoreException(Store.java:165)
	at org.h2.mvstore.db.Store.<init>(Store.java:142)
	at org.h2.engine.Database.<init>(Database.java:326)
	at org.h2.engine.Engine.openSession(Engine.java:92)
	at org.h2.engine.Engine.openSession(Engine.java:222)
	at org.h2.engine.Engine.createSession(Engine.java:201)
	at org.h2.engine.SessionRemote.connectEmbeddedOrServer(SessionRemote.java:344)
	at org.h2.jdbc.JdbcConnection.<init>(JdbcConnection.java:124)
	at org.h2.Driver.connect(Driver.java:59)
	at com.zaxxer.hikari.util.DriverDataSource.getConnection(DriverDataSource.java:137)
	at com.zaxxer.hikari.pool.PoolBase.newConnection(PoolBase.java:360)
	at com.zaxxer.hikari.pool.PoolBase.newPoolEntry(PoolBase.java:202)
	at com.zaxxer.hikari.pool.HikariPool.createPoolEntry(HikariPool.java:461)
	at com.zaxxer.hikari.pool.HikariPool.checkFailFast(HikariPool.java:550)
	at com.zaxxer.hikari.pool.HikariPool.<init>(HikariPool.java:98)
	at com.zaxxer.hikari.HikariDataSource.getConnection(HikariDataSource.java:111)
	at org.hibernate.engine.jdbc.connections.internal.DatasourceConnectionProviderImpl.getConnection(DatasourceConnectionProviderImpl.java:126)
	at org.hibernate.engine.jdbc.env.internal.JdbcEnvironmentInitiator$ConnectionProviderJdbcConnectionAccess.obtainConnection(JdbcEnvironmentInitiator.java:467)
	at org.hibernate.resource.transaction.backend.jdbc.internal.DdlTransactionIsolatorNonJtaImpl.getIsolatedConnection(DdlTransactionIsolatorNonJtaImpl.java:46)
	... 42 common frames omitted
Caused by: org.h2.mvstore.MVStoreException: The file is locked: C:/Users/USER/Downloads/springRestDemo/db/blogdb.mv.db [2.3.232/7]
	at org.h2.mvstore.DataUtils.newMVStoreException(DataUtils.java:996)
	at org.h2.mvstore.SingleFileStore.lockFileChannel(SingleFileStore.java:143)
	at org.h2.mvstore.SingleFileStore.open(SingleFileStore.java:117)
	at org.h2.mvstore.SingleFileStore.open(SingleFileStore.java:81)
	at org.h2.mvstore.MVStore.<init>(MVStore.java:286)
	at org.h2.mvstore.MVStore$Builder.open(MVStore.java:2035)
	at org.h2.mvstore.db.Store.<init>(Store.java:133)
	... 59 common frames omitted
2025-05-21 01:09:37,550 [INFO] org.springframework.boot.actuate.endpoint.web.EndpointLinksResolver {main} Exposing 1 endpoint beneath base path '/actuator'
2025-05-21 01:09:52,993 [INFO] com.spring.springRestDemo.SpringRestDemoApplication {main} Starting SpringRestDemoApplication using Java 21.0.4 with PID 7124 (C:\Users\USER\Downloads\springRestDemo\target\classes started by USER in C:\Users\USER\Downloads\springRestDemo)
2025-05-21 01:09:53,129 [DEBUG] com.spring.springRestDemo.SpringRestDemoApplication {main} Running with Spring Boot v3.4.5, Spring v6.2.6
2025-05-21 01:09:53,131 [INFO] com.spring.springRestDemo.SpringRestDemoApplication {main} No active profile set, falling back to 1 default profile: "default"
2025-05-21 01:10:00,111 [INFO] org.springframework.data.repository.config.RepositoryConfigurationDelegate {main} Bootstrapping Spring Data JPA repositories in DEFAULT mode.
2025-05-21 01:10:00,372 [INFO] org.springframework.data.repository.config.RepositoryConfigurationDelegate {main} Finished Spring Data repository scanning in 209 ms. Found 1 JPA repository interface.
2025-05-21 01:10:04,453 [INFO] org.springframework.boot.web.embedded.tomcat.TomcatWebServer {main} Tomcat initialized with port 8080 (http)
2025-05-21 01:10:04,511 [INFO] org.apache.catalina.core.StandardService {main} Starting service [Tomcat]
2025-05-21 01:10:04,512 [INFO] org.apache.catalina.core.StandardEngine {main} Starting Servlet engine: [Apache Tomcat/10.1.40]
2025-05-21 01:10:04,770 [INFO] org.apache.catalina.core.ContainerBase.[Tomcat].[localhost].[/] {main} Initializing Spring embedded WebApplicationContext
2025-05-21 01:10:04,771 [INFO] org.springframework.boot.web.servlet.context.ServletWebServerApplicationContext {main} Root WebApplicationContext: initialization completed in 11381 ms
2025-05-21 01:10:06,065 [INFO] org.hibernate.jpa.internal.util.LogHelper {main} HHH000204: Processing PersistenceUnitInfo [name: default]
2025-05-21 01:10:06,284 [INFO] org.hibernate.Version {main} HHH000412: Hibernate ORM core version 6.6.13.Final
2025-05-21 01:10:06,463 [INFO] org.hibernate.cache.internal.RegionFactoryInitiator {main} HHH000026: Second-level cache disabled
2025-05-21 01:10:07,688 [INFO] org.springframework.orm.jpa.persistenceunit.SpringPersistenceUnitInfo {main} No LoadTimeWeaver setup: ignoring JPA class transformer
2025-05-21 01:10:07,867 [INFO] com.zaxxer.hikari.HikariDataSource {main} HikariPool-1 - Starting...
2025-05-21 01:10:09,033 [INFO] com.zaxxer.hikari.pool.HikariPool {main} HikariPool-1 - Added connection conn0: url=jdbc:h2:file:./db/blogdb user=ADMIN
2025-05-21 01:10:09,043 [INFO] com.zaxxer.hikari.HikariDataSource {main} HikariPool-1 - Start completed.
2025-05-21 01:10:09,184 [WARN] org.hibernate.orm.deprecation {main} HHH90000025: H2Dialect does not need to be specified explicitly using 'hibernate.dialect' (remove the property setting and it will be selected by default)
2025-05-21 01:10:09,293 [INFO] org.hibernate.orm.connections.pooling {main} HHH10001005: Database info:
	Database JDBC URL [Connecting through datasource 'HikariDataSource (HikariPool-1)']
	Database driver: undefined/unknown
	Database version: 2.3.232
	Autocommit mode: undefined/unknown
	Isolation level: undefined/unknown
	Minimum pool size: undefined/unknown
	Maximum pool size: undefined/unknown
2025-05-21 01:10:11,268 [INFO] org.hibernate.engine.transaction.jta.platform.internal.JtaPlatformInitiator {main} HHH000489: No JTA platform available (set 'hibernate.transaction.jta.platform' to enable JTA platform integration)
2025-05-21 01:10:11,354 [INFO] org.springframework.orm.jpa.LocalContainerEntityManagerFactoryBean {main} Initialized JPA EntityManagerFactory for persistence unit 'default'
2025-05-21 01:10:15,418 [WARN] org.springframework.boot.autoconfigure.orm.jpa.JpaBaseConfiguration$JpaWebConfiguration {main} spring.jpa.open-in-view is enabled by default. Therefore, database queries may be performed during view rendering. Explicitly configure spring.jpa.open-in-view to disable this warning
2025-05-21 01:10:15,529 [INFO] org.springframework.security.config.annotation.authentication.configuration.InitializeUserDetailsBeanManagerConfigurer$InitializeUserDetailsManagerConfigurer {main} Global AuthenticationManager configured with UserDetailsService bean with name accountService
2025-05-21 01:10:17,478 [INFO] org.springframework.boot.actuate.endpoint.web.EndpointLinksResolver {main} Exposing 1 endpoint beneath base path '/actuator'
2025-05-21 01:10:20,957 [INFO] org.springframework.boot.autoconfigure.h2.H2ConsoleAutoConfiguration {main} H2 console available at '/db-console'. Database available at 'jdbc:h2:file:./db/blogdb'
2025-05-21 01:10:21,966 [INFO] org.springframework.boot.web.embedded.tomcat.TomcatWebServer {main} Tomcat started on port 8080 (http) with context path '/'
2025-05-21 01:10:22,076 [INFO] com.spring.springRestDemo.SpringRestDemoApplication {main} Started SpringRestDemoApplication in 31.88 seconds (process running for 33.969)
2025-05-21 01:10:22,612 [INFO] org.apache.catalina.core.ContainerBase.[Tomcat].[localhost].[/] {RMI TCP Connection(2)-127.0.0.1} Initializing Spring DispatcherServlet 'dispatcherServlet'
2025-05-21 01:10:22,652 [INFO] org.springframework.web.servlet.DispatcherServlet {RMI TCP Connection(2)-127.0.0.1} Initializing Servlet 'dispatcherServlet'
2025-05-21 01:10:22,679 [INFO] org.springframework.web.servlet.DispatcherServlet {RMI TCP Connection(2)-127.0.0.1} Completed initialization in 3 ms
2025-05-21 01:10:54,523 [INFO] org.springdoc.api.AbstractOpenApiResource {http-nio-8080-exec-9} Init duration for springdoc-openapi is: 714 ms
